2024-06-26 12:47:03,762 - INFO - Starting simulation
2024-06-26 12:47:04,836 - INFO - Processing step: 0
2024-06-26 12:47:04,836 - INFO - Updated state x: [-9.56827272e-03 -1.51938707e-07  9.30181719e-03 -4.97382946e-03
  1.56614795e-04 -5.09431281e+01  2.77563470e-07  1.58039516e-08
 -6.08185373e+01]
2024-06-26 12:47:04,836 - INFO - Measured Positions: [0.04408192 0.00685676 0.04899072]
2024-06-26 12:47:04,836 - INFO - Filtered Positions: [-9.56827272e-03 -1.51938707e-07  9.30181719e-03]
2024-06-26 12:47:04,836 - INFO - Step 0: RMSE: 0.00034652698308738845, MAE: 0.0002829121716364216, MSE: 1.200809500076472e-07, Max Error: 0.00043035709385258816
2024-06-26 12:47:05,903 - INFO - Processing step: 1
2024-06-26 12:47:05,903 - INFO - Updated state x: [-1.02276017e-02 -3.88880918e-02 -5.87583501e+00  1.45499489e-03
 -9.78215292e-02 -6.59268322e+01  2.54562663e-03 -2.30387988e-02
 -6.14084588e+01]
2024-06-26 12:47:05,903 - INFO - Measured Positions: [ 0.07614616 -0.00674253 -0.00773086]
2024-06-26 12:47:05,903 - INFO - Filtered Positions: [-0.0102276  -0.03888809 -5.87583501]
2024-06-26 12:47:05,903 - INFO - Step 1: RMSE: 2.402768167781764, MAE: 0.9814508754648643, MSE: 5.773294868105335, Max Error: 5.885555581495945
2024-06-26 12:47:07,037 - INFO - Processing step: 2
2024-06-26 12:47:07,037 - INFO - Updated state x: [-9.91222344e-03 -8.57915887e-02 -1.33040767e+01  2.56923379e-03
 -5.26225522e-02 -7.42530010e+01  1.95352598e-03  3.38826444e-03
 -5.43747761e+01]
2024-06-26 12:47:07,037 - INFO - Measured Positions: [-0.04243412 -0.07724711  0.01826063]
2024-06-26 12:47:07,037 - INFO - Filtered Positions: [-9.91222344e-03 -8.57915887e-02 -1.33040767e+01]
2024-06-26 12:47:07,037 - INFO - Step 2: RMSE: 4.852227228599672, MAE: 2.1340511860634, MSE: 23.54410907796405, Max Error: 13.313797260621637
2024-06-26 12:47:08,117 - INFO - Processing step: 3
2024-06-26 12:47:08,117 - INFO - Updated state x: [-9.71523823e-03 -1.24540256e-01 -2.07682837e+01  2.06195013e-03
 -3.35557642e-02 -6.96220817e+01  1.05130852e-03  8.66253213e-03
 -4.30033687e+01]
2024-06-26 12:47:08,117 - INFO - Measured Positions: [-0.02226102 -0.11513288 -0.02655075]
2024-06-26 12:47:08,117 - INFO - Filtered Positions: [-9.71523823e-03 -1.24540256e-01 -2.07682837e+01]
2024-06-26 12:47:08,117 - INFO - Step 3: RMSE: 7.323605933871196, MAE: 3.332200752373516, MSE: 53.6352038746334, Max Error: 20.778004282343343
2024-06-26 12:47:09,202 - INFO - Processing step: 4
2024-06-26 12:47:09,202 - INFO - Updated state x: [-9.63908853e-03 -1.62958478e-01 -2.41574130e+01  1.38735274e-03
 -2.92315146e-02 -5.62092254e+01  5.17017680e-04  7.36941550e-03
 -3.22254251e+01]
2024-06-26 12:47:09,202 - INFO - Measured Positions: [-0.03827959 -0.16772929  0.07927204]
2024-06-26 12:47:09,202 - INFO - Filtered Positions: [-9.63908853e-03 -1.62958478e-01 -2.41574130e+01]
2024-06-26 12:47:09,202 - INFO - Step 4: RMSE: 9.046814517430434, MAE: 4.276985615527072, MSE: 81.84485291279006, Max Error: 24.16713359688009
2024-06-26 12:47:10,257 - INFO - Processing step: 5
2024-06-26 12:47:10,257 - INFO - Updated state x: [-9.64288182e-03 -2.02230606e-01 -2.37939044e+01  7.42737053e-04
 -2.95104700e-02 -4.24721077e+01  2.42751262e-04  5.40934084e-03
 -2.47553857e+01]
2024-06-26 12:47:10,257 - INFO - Measured Positions: [nan nan nan]
2024-06-26 12:47:10,257 - INFO - Filtered Positions: [-9.64288182e-03 -2.02230606e-01 -2.37939044e+01]
2024-06-26 12:47:10,257 - INFO - Step 5: RMSE: 9.984113388290995, MAE: 4.886740815046803, MSE: 99.68252015025148, Max Error: 24.16713359688009
2024-06-26 12:47:11,352 - INFO - Processing step: 6
2024-06-26 12:47:11,352 - INFO - Updated state x: [ 4.82290891e-04 -2.11995352e-01 -2.15926394e+01  1.73967399e-02
  2.81792871e-02 -3.18188400e+01  1.66989155e-03  8.40538489e-03
 -2.06206161e+01]
2024-06-26 12:47:11,352 - INFO - Measured Positions: [nan nan nan]
2024-06-26 12:47:11,352 - INFO - Filtered Positions: [ 4.82290891e-04 -2.11995352e-01 -2.15926394e+01]
2024-06-26 12:47:11,352 - INFO - Step 6: RMSE: 10.376134184122854, MAE: 5.2177848045723385, MSE: 107.66416060692283, Max Error: 24.16713359688009
2024-06-26 12:47:12,419 - INFO - Processing step: 7
2024-06-26 12:47:12,420 - INFO - Updated state x: [ 9.70293185e-03 -1.99084903e-01 -1.91593682e+01  7.60455883e-03
  1.29933949e-02 -2.51406111e+01  5.98483822e-04  6.50013625e-03
 -1.84592775e+01]
2024-06-26 12:47:12,422 - INFO - Measured Positions: [nan nan nan]
2024-06-26 12:47:12,422 - INFO - Filtered Positions: [ 9.70293185e-03 -1.99084903e-01 -1.91593682e+01]
2024-06-26 12:47:12,422 - INFO - Step 7: RMSE: 10.465023866824247, MAE: 5.364678403971353, MSE: 109.51672453320111, Max Error: 24.16713359688009
2024-06-26 12:47:13,518 - INFO - Processing step: 8
2024-06-26 12:47:13,518 - INFO - Updated state x: [-1.13887490e-02 -2.16692270e-01 -1.72439250e+01 -2.58228962e-02
 -3.68808606e-02 -2.13709241e+01 -2.58611680e-03  3.10184732e-03
 -1.71074068e+01]
2024-06-26 12:47:13,518 - INFO - Measured Positions: [ 0.07270459 -0.22378199  0.05140253]
2024-06-26 12:47:13,518 - INFO - Filtered Positions: [-1.1388749e-02 -2.1669227e-01 -1.7243925e+01]
2024-06-26 12:47:13,518 - INFO - Step 8: RMSE: 10.410269297968478, MAE: 5.4086890489692845, MSE: 108.3737068562251, Max Error: 24.16713359688009
2024-06-26 12:47:14,602 - INFO - Processing step: 9
2024-06-26 12:47:14,602 - INFO - Updated state x: [-4.99807775e-02 -2.56173407e-01 -1.59132090e+01 -3.51686007e-02
 -3.50114220e-02 -1.90242999e+01 -3.92001280e-03  2.83724513e-03
 -1.63286928e+01]
2024-06-26 12:47:14,602 - INFO - Measured Positions: [-0.09504895 -0.20429885 -0.09610779]
2024-06-26 12:47:14,602 - INFO - Filtered Positions: [ -0.04998078  -0.25617341 -15.91320903]
2024-06-26 12:47:14,607 - INFO - Step 9: RMSE: 10.295030874886587, MAE: 5.39886006981311, MSE: 105.98766071486807, Max Error: 24.16713359688009
2024-06-26 12:47:15,673 - INFO - Processing step: 10
2024-06-26 12:47:15,675 - INFO - Updated state x: [-8.72354697e-02 -2.86400518e-01 -1.50009317e+01 -4.02114973e-02
 -2.95151196e-02 -1.75420565e+01 -4.13393920e-03  3.33646856e-03
 -1.58788216e+01]
2024-06-26 12:47:15,675 - INFO - Measured Positions: [-0.08621275 -0.39812601 -0.00109073]
2024-06-26 12:47:15,675 - INFO - Filtered Positions: [ -0.08723547  -0.28640052 -15.00093166]
2024-06-26 12:47:15,675 - INFO - Step 10: RMSE: 10.157769844275613, MAE: 5.363042408552784, MSE: 103.18028820927502, Max Error: 24.16713359688009
2024-06-26 12:47:16,743 - INFO - Processing step: 11
2024-06-26 12:47:16,743 - INFO - Updated state x: [-8.31547839e-02 -2.79311214e-01 -1.42806009e+01 -2.11923656e-02
  7.11970074e-02 -1.64619415e+01  4.20093884e-04  7.09493869e-03
 -1.55583026e+01]
2024-06-26 12:47:16,744 - INFO - Measured Positions: [-0.09344847 -0.23635848  0.03789982]
2024-06-26 12:47:16,744 - INFO - Filtered Positions: [ -0.08315478  -0.27931121 -14.28060086]
2024-06-26 12:47:16,745 - INFO - Step 11: RMSE: 10.012719635453793, MAE: 5.314410120063997, MSE: 100.25455449820194, Max Error: 24.16713359688009
2024-06-26 12:47:17,803 - INFO - Processing step: 12
2024-06-26 12:47:17,805 - INFO - Updated state x: [-5.49828703e-02 -2.22706923e-01 -1.37068063e+01  5.09795922e-03
  7.08282322e-02 -1.56944147e+01  5.53408402e-03  5.58430056e-03
 -1.53588977e+01]
2024-06-26 12:47:17,805 - INFO - Measured Positions: [-0.02508211 -0.15952587 -0.07869119]
2024-06-26 12:47:17,806 - INFO - Filtered Positions: [ -0.05498287  -0.22270692 -13.70680627]
2024-06-26 12:47:17,807 - INFO - Step 12: RMSE: 9.867465357855371, MAE: 5.258302345490248, MSE: 97.36687258847584, Max Error: 24.16713359688009
2024-06-26 12:47:18,884 - INFO - Processing step: 13
2024-06-26 12:47:18,885 - INFO - Updated state x: [-3.62708682e-02 -2.01459007e-01 -1.31793899e+01 -2.48311650e-02
  1.04046010e-02 -1.50732466e+01  6.94672393e-03  4.50057705e-04
 -1.47848402e+01]
2024-06-26 12:47:18,886 - INFO - Measured Positions: [-0.05152803 -0.23668455 -0.01197861]
2024-06-26 12:47:18,886 - INFO - Filtered Positions: [ -0.03627087  -0.20145901 -13.17938987]
2024-06-26 12:47:18,887 - INFO - Step 13: RMSE: 9.723880313317924, MAE: 5.197644779816314, MSE: 94.5538483477319, Max Error: 24.16713359688009
2024-06-26 12:47:19,943 - INFO - Processing step: 14
2024-06-26 12:47:19,944 - INFO - Updated state x: [-5.25426253e-02 -2.16220349e-01 -1.28631641e+01 -4.28724140e-02
 -1.16616224e-02 -1.44323888e+01  7.82871435e-03 -2.16355235e-03
 -1.42267977e+01]
2024-06-26 12:47:19,944 - INFO - Measured Positions: [ 0.04925542 -0.16761714  0.0912299 ]
2024-06-26 12:47:19,944 - INFO - Filtered Positions: [ -0.05254263  -0.21622035 -12.86316414]
2024-06-26 12:47:19,945 - INFO - Step 14: RMSE: 9.58815594628241, MAE: 5.137652202742067, MSE: 91.93273445023073, Max Error: 24.16713359688009
2024-06-26 12:47:21,032 - INFO - Processing step: 15
2024-06-26 12:47:21,032 - INFO - Updated state x: [-6.53837899e-02 -2.55621989e-01 -1.24079462e+01  3.59944121e-02
 -6.73188279e-02 -1.33885370e+01  1.09565715e-02 -5.06639855e-03
 -1.42189638e+01]
2024-06-26 12:47:21,037 - INFO - Measured Positions: [-0.08466683 -0.13629019 -0.02443249]
2024-06-26 12:47:21,037 - INFO - Filtered Positions: [ -0.06538379  -0.25562199 -12.40794618]
2024-06-26 12:47:21,037 - INFO - Step 15: RMSE: 9.45512659527484, MAE: 5.07597793148016, MSE: 89.39941893267358, Max Error: 24.16713359688009
2024-06-26 12:47:22,086 - INFO - Processing step: 16
2024-06-26 12:47:22,086 - INFO - Updated state x: [-4.04168454e-02 -3.16965963e-01 -1.19208811e+01  4.12514511e-02
 -6.91035807e-02 -1.29604567e+01  9.80932496e-03 -4.46344665e-03
 -1.43829418e+01]
2024-06-26 12:47:22,086 - INFO - Measured Positions: [-0.13955872 -0.34162308  0.02195744]
2024-06-26 12:47:22,086 - INFO - Filtered Positions: [ -0.04041685  -0.31696596 -11.92088106]
2024-06-26 12:47:22,086 - INFO - Step 16: RMSE: 9.323711519939911, MAE: 5.0115260301326945, MSE: 86.9315965070602, Max Error: 24.16713359688009
2024-06-26 12:47:23,148 - INFO - Processing step: 17
2024-06-26 12:47:23,148 - INFO - Updated state x: [-2.89281289e-02 -3.66287470e-01 -1.15221705e+01  3.56926353e-02
 -6.30722021e-02 -1.29074680e+01  6.71438832e-03 -2.41058588e-03
 -1.45609965e+01]
2024-06-26 12:47:23,148 - INFO - Measured Positions: [-0.07162284 -0.33025154  0.08475937]
2024-06-26 12:47:23,148 - INFO - Filtered Positions: [ -0.02892813  -0.36628747 -11.52217055]
2024-06-26 12:47:23,148 - INFO - Step 17: RMSE: 9.195909318709282, MAE: 4.9472169116533955, MSE: 84.56474819792422, Max Error: 24.16713359688009
2024-06-26 12:47:24,227 - INFO - Processing step: 18
2024-06-26 12:47:24,227 - INFO - Updated state x: [-2.65963490e-02 -4.08130837e-01 -1.13390298e+01  2.51010905e-02
 -5.42326839e-02 -1.31581229e+01  3.24610347e-03 -1.88984613e-04
 -1.47569877e+01]
2024-06-26 12:47:24,227 - INFO - Measured Positions: [-0.10438394 -0.40934442 -0.01636826]
2024-06-26 12:47:24,233 - INFO - Filtered Positions: [ -0.02659635  -0.40813084 -11.33902979]
2024-06-26 12:47:24,233 - INFO - Step 18: RMSE: 9.075986352434121, MAE: 4.886518109982378, MSE: 82.37352826957043, Max Error: 24.16713359688009
2024-06-26 12:47:25,321 - INFO - Processing step: 19
2024-06-26 12:47:25,321 - INFO - Updated state x: [-2.97088275e-02 -4.20586578e-01 -1.12374462e+01  1.37320349e-02
  6.63404428e-03 -1.33693712e+01  3.11276429e-04  4.15524834e-03
 -1.48343615e+01]
2024-06-26 12:47:25,321 - INFO - Measured Positions: [-0.02053612 -0.29143579  0.02754603]
2024-06-26 12:47:25,321 - INFO - Filtered Positions: [ -0.02970883  -0.42058658 -11.23744624]
2024-06-26 12:47:25,321 - INFO - Step 19: RMSE: 8.96455130485307, MAE: 4.830351848990115, MSE: 80.36318009734286, Max Error: 24.16713359688009
2024-06-26 12:47:26,397 - INFO - Processing step: 20
2024-06-26 12:47:26,404 - INFO - Updated state x: [-4.19100710e-02 -4.02312854e-01 -1.13101045e+01 -2.74503978e-02
  2.12639599e-02 -1.36727635e+01 -2.38625926e-03  5.37781405e-03
 -1.45174837e+01]
2024-06-26 12:47:26,404 - INFO - Measured Positions: [ 0.02685721 -0.36076092  0.05250923]
2024-06-26 12:47:26,404 - INFO - Filtered Positions: [ -0.04191007  -0.40231285 -11.31010446]
2024-06-26 12:47:26,404 - INFO - Step 20: RMSE: 8.863989518862734, MAE: 4.780376296859511, MSE: 78.5703101905084, Max Error: 24.16713359688009
2024-06-26 12:47:27,486 - INFO - Processing step: 21
2024-06-26 12:47:27,486 - INFO - Updated state x: [-6.35868305e-02 -3.89697096e-01 -1.15210761e+01 -1.90140410e-02
  8.61887340e-03 -1.36498888e+01 -1.81888267e-03  4.52636692e-03
 -1.42933696e+01]
2024-06-26 12:47:27,486 - INFO - Measured Positions: [-0.07257575 -0.36671597  0.01220633]
2024-06-26 12:47:27,486 - INFO - Filtered Positions: [ -0.06358683  -0.3896971  -11.52107606]
2024-06-26 12:47:27,486 - INFO - Step 21: RMSE: 8.775731734220129, MAE: 4.737927936030388, MSE: 77.01346747099824, Max Error: 24.16713359688009
2024-06-26 12:47:28,555 - INFO - Processing step: 22
2024-06-26 12:47:28,557 - INFO - Updated state x: [-4.90790521e-02 -4.06140398e-01 -1.16806372e+01  1.33992113e-02
 -3.94294572e-02 -1.34881898e+01  1.66857708e-03  1.91122349e-03
 -1.44901269e+01]
2024-06-26 12:47:28,557 - INFO - Measured Positions: [-0.04914567 -0.45501759  0.08430811]
2024-06-26 12:47:28,557 - INFO - Filtered Positions: [ -0.04907905  -0.4061404  -11.68063722]
2024-06-26 12:47:28,557 - INFO - Step 22: RMSE: 8.697454201780122, MAE: 4.7018711127279245, MSE: 75.64570959206269, Max Error: 24.16713359688009
2024-06-26 12:47:29,625 - INFO - Processing step: 23
2024-06-26 12:47:29,627 - INFO - Updated state x: [-1.18687024e-02 -4.46908525e-01 -1.16061453e+01  2.75988555e-02
 -3.80620900e-02 -1.34013584e+01  4.14515774e-03  1.76939227e-03
 -1.46218279e+01]
2024-06-26 12:47:29,627 - INFO - Measured Positions: [-0.03694254 -0.44773247  0.05211841]
2024-06-26 12:47:29,627 - INFO - Filtered Positions: [ -0.0118687   -0.44690853 -11.60614534]
2024-06-26 12:47:29,627 - INFO - Step 23: RMSE: 8.623677444268939, MAE: 4.66750298651147, MSE: 74.36781266279284, Max Error: 24.16713359688009
2024-06-26 12:47:30,712 - INFO - Processing step: 24
2024-06-26 12:47:30,713 - INFO - Updated state x: [ 2.70356706e-02 -4.78208463e-01 -1.15603740e+01  3.77181610e-02
 -3.26029459e-02 -1.35244299e+01  5.32071951e-03  2.47878253e-03
 -1.47780154e+01]
2024-06-26 12:47:30,713 - INFO - Measured Positions: [ 0.12673196 -0.42068229  0.13301074]
2024-06-26 12:47:30,714 - INFO - Filtered Positions: [  0.02703567  -0.47820846 -11.56037403]
2024-06-26 12:47:30,714 - INFO - Step 24: RMSE: 8.554413803864215, MAE: 4.635216798992783, MSE: 73.17799552774262, Max Error: 24.16713359688009
2024-06-26 12:47:31,762 - INFO - Processing step: 25
2024-06-26 12:47:31,763 - INFO - Updated state x: [ 4.70151712e-02 -4.87773121e-01 -1.15158452e+01  4.71800336e-02
  1.39092408e-02 -1.36556347e+01  3.47770092e-03  4.87946866e-03
 -1.52788453e+01]
2024-06-26 12:47:31,764 - INFO - Measured Positions: [ 0.13671017 -0.45952826  0.06756163]
2024-06-26 12:47:31,764 - INFO - Filtered Positions: [  0.04701517  -0.48777312 -11.51584517]
2024-06-26 12:47:31,765 - INFO - Step 25: RMSE: 8.489200259179944, MAE: 4.605019740915647, MSE: 72.06652104046081, Max Error: 24.16713359688009
2024-06-26 12:47:32,838 - INFO - Processing step: 26
2024-06-26 12:47:32,838 - INFO - Updated state x: [ 7.05515443e-02 -4.73822161e-01 -1.15243747e+01  6.64538268e-02
  9.66720407e-03 -1.42188928e+01  1.02794423e-03  4.92000155e-03
 -1.59034642e+01]
2024-06-26 12:47:32,838 - INFO - Measured Positions: [ 0.06708521 -0.46996543 -0.03710672]
2024-06-26 12:47:32,838 - INFO - Filtered Positions: [  0.07055154  -0.47382216 -11.52437465]
2024-06-26 12:47:32,838 - INFO - Step 26: RMSE: 8.428511430659187, MAE: 4.5770369190361535, MSE: 71.03980493675257, Max Error: 24.16713359688009
2024-06-26 12:47:33,924 - INFO - Processing step: 27
2024-06-26 12:47:33,927 - INFO - Updated state x: [ 8.67070866e-02 -4.70167292e-01 -1.18373644e+01 -1.41507710e-02
  1.09700039e-02 -1.53803279e+01 -4.20297139e-03  4.29429186e-03
 -1.60081432e+01]
2024-06-26 12:47:33,927 - INFO - Measured Positions: [ 0.04564621 -0.45345932  0.02582223]
2024-06-26 12:47:33,927 - INFO - Filtered Positions: [  0.08670709  -0.47016729 -11.83736441]
2024-06-26 12:47:33,927 - INFO - Step 27: RMSE: 8.376965700428364, MAE: 4.555014341908325, MSE: 70.17355434615327, Max Error: 24.16713359688009
2024-06-26 12:47:34,993 - INFO - Final Metrics - RMSE: 8.547555509586404, MAE: 4.474440475209276, MSE: 78.53564927075003, Max Error: 24.16713359688009
2024-06-26 12:47:34,993 - INFO - Simulation ended
