2024-06-26 12:40:05,876 - INFO - Starting simulation
2024-06-26 12:40:06,927 - INFO - Processing step: 0
2024-06-26 12:40:06,931 - INFO - Updated state x: [-9.56827272e-03 -1.51938707e-07  9.30181719e-03  4.92444278e-02
 -3.99592518e-04 -5.06167655e+01  2.77563470e-07  1.58039516e-08
 -6.04918492e+01]
2024-06-26 12:40:06,931 - INFO - Measured Positions: [ 0.05896397 -0.04250041  0.04081098]
2024-06-26 12:40:06,931 - INFO - Filtered Positions: [-9.56827272e-03 -1.51938707e-07  9.30181719e-03]
2024-06-26 12:40:06,931 - INFO - Step 0: RMSE: 0.00034652698308738845, MAE: 0.0002829121716364216, MSE: 1.200809500076472e-07, Max Error: 0.00043035709385258816
2024-06-26 12:40:07,994 - INFO - Processing step: 1
2024-06-26 12:40:07,995 - INFO - Updated state x: [-7.49539187e-03 -3.89161206e-02 -5.72645553e+00 -2.22190611e-02
 -9.75786648e-02 -6.42539102e+01 -2.78122605e-02 -2.27273672e-02
 -6.00921973e+01]
2024-06-26 12:40:07,995 - INFO - Measured Positions: [-0.09628558  0.02864939  0.01996615]
2024-06-26 12:40:07,996 - INFO - Filtered Positions: [-0.00749539 -0.03891612 -5.72645553]
2024-06-26 12:40:07,996 - INFO - Step 1: RMSE: 2.3417844714843357, MAE: 0.9569286730141959, MSE: 5.4839545108851695, Max Error: 5.736176100946638
2024-06-26 12:40:09,103 - INFO - Processing step: 2
2024-06-26 12:40:09,103 - INFO - Updated state x: [-1.13920057e-02 -8.57764081e-02 -1.30242732e+01 -2.54404976e-02
 -5.23352096e-02 -7.26872068e+01 -1.82966396e-02  3.59600424e-03
 -5.34362171e+01]
2024-06-26 12:40:09,103 - INFO - Measured Positions: [ 0.05565006 -0.03407235  0.01695416]
2024-06-26 12:40:09,103 - INFO - Filtered Positions: [-1.13920057e-02 -8.57764081e-02 -1.30242732e+01]
2024-06-26 12:40:09,103 - INFO - Step 2: RMSE: 4.746797013422486, MAE: 2.0867572502557272, MSE: 22.532081886636636, Max Error: 13.0339937510463
2024-06-26 12:40:10,205 - INFO - Processing step: 3
2024-06-26 12:40:10,205 - INFO - Updated state x: [-1.28669193e-02 -1.24507924e-01 -2.07078466e+01 -1.67253150e-02
 -3.33630318e-02 -6.94375514e+01 -9.18380071e-03  8.76753075e-03
 -4.29453857e+01]
2024-06-26 12:40:10,205 - INFO - Measured Positions: [-0.00987512 -0.12601156 -0.03367569]
2024-06-26 12:40:10,205 - INFO - Filtered Positions: [-1.28669193e-02 -1.24507924e-01 -2.07078466e+01]
2024-06-26 12:40:10,209 - INFO - Step 3: RMSE: 7.257216738158595, MAE: 3.2919065084898698, MSE: 52.667194784609286, Max Error: 20.71756717284391
2024-06-26 12:40:11,320 - INFO - Processing step: 4
2024-06-26 12:40:11,320 - INFO - Updated state x: [-1.30062102e-02 -1.62923935e-01 -2.42350043e+01 -1.04726241e-02
 -2.91098470e-02 -5.64371912e+01 -4.71765033e-03  7.42311624e-03
 -3.23483158e+01]
2024-06-26 12:40:11,320 - INFO - Measured Positions: [-0.08411772 -0.14540251  0.07670166]
2024-06-26 12:40:11,320 - INFO - Filtered Positions: [-1.30062102e-02 -1.62923935e-01 -2.42350043e+01]
2024-06-26 12:40:11,320 - INFO - Step 4: RMSE: 9.017808416127881, MAE: 4.250101742853447, MSE: 81.32086862998685, Max Error: 24.24472483144784
2024-06-26 12:40:12,404 - INFO - Processing step: 5
2024-06-26 12:40:12,404 - INFO - Updated state x: [-1.27455869e-02 -2.02198776e-01 -2.40463882e+01 -6.92700971e-03
 -2.94317886e-02 -4.29961274e+01 -2.60324202e-03  5.43853695e-03
 -2.49818258e+01]
2024-06-26 12:40:12,404 - INFO - Measured Positions: [nan nan nan]
2024-06-26 12:40:12,408 - INFO - Filtered Positions: [-1.27455869e-02 -2.02198776e-01 -2.40463882e+01]
2024-06-26 12:40:12,408 - INFO - Step 5: RMSE: 9.995858617973607, MAE: 4.878499047909379, MSE: 99.91718951051722, Max Error: 24.24472483144784
2024-06-26 12:40:13,505 - INFO - Processing step: 6
2024-06-26 12:40:13,505 - INFO - Updated state x: [-2.22678232e-03 -2.11967561e-01 -2.20132611e+01  1.23080274e-02
  2.82314906e-02 -3.25521489e+01  5.15109251e-05  8.42198733e-03
 -2.09185407e+01]
2024-06-26 12:40:13,505 - INFO - Measured Positions: [nan nan nan]
2024-06-26 12:40:13,505 - INFO - Filtered Positions: [-2.22678232e-03 -2.11967561e-01 -2.20132611e+01]
2024-06-26 12:40:13,505 - INFO - Step 6: RMSE: 10.427804434881079, MAE: 5.230877719025968, MSE: 108.7391053321255, Max Error: 24.24472483144784
2024-06-26 12:40:14,591 - INFO - Processing step: 7
2024-06-26 12:40:14,591 - INFO - Updated state x: [ 7.41887852e-03 -1.99061472e-01 -1.95176657e+01  4.21786980e-03
  1.30281378e-02 -2.57042869e+01 -3.27513004e-04  6.50963575e-03
 -1.86601296e+01]
2024-06-26 12:40:14,591 - INFO - Measured Positions: [nan nan nan]
2024-06-26 12:40:14,591 - INFO - Filtered Positions: [ 7.41887852e-03 -1.99061472e-01 -1.95176657e+01]
2024-06-26 12:40:14,591 - INFO - Step 7: RMSE: 10.537314783880982, MAE: 5.3909695742184995, MSE: 111.0350028545967, Max Error: 24.24472483144784
2024-06-26 12:40:15,699 - INFO - Processing step: 8
2024-06-26 12:40:15,707 - INFO - Updated state x: [-1.32372517e-02 -2.16673307e-01 -1.74616966e+01 -2.80037241e-02
 -3.68584882e-02 -2.16490059e+01 -3.08778183e-03  3.10699374e-03
 -1.71653293e+01]
2024-06-26 12:40:15,707 - INFO - Measured Positions: [-0.04703102 -0.23938093 -0.04006544]
2024-06-26 12:40:15,707 - INFO - Filtered Positions: [-1.32372517e-02 -2.16673307e-01 -1.74616966e+01]
2024-06-26 12:40:15,707 - INFO - Step 8: RMSE: 10.488248894401295, MAE: 5.440056833810677, MSE: 110.00336487090999, Max Error: 24.24472483144784
2024-06-26 12:40:16,785 - INFO - Processing step: 9
2024-06-26 12:40:16,785 - INFO - Updated state x: [-5.13901937e-02 -2.56158948e-01 -1.60858760e+01 -3.64530443e-02
 -3.49982453e-02 -1.91842259e+01 -4.14804102e-03  2.83958439e-03
 -1.63493491e+01]
2024-06-26 12:40:16,785 - INFO - Measured Positions: [-0.01280125 -0.19687203  0.03479047]
2024-06-26 12:40:16,785 - INFO - Filtered Positions: [ -0.05139019  -0.25615895 -16.08587604]
2024-06-26 12:40:16,785 - INFO - Step 9: RMSE: 10.374904198355404, MAE: 5.432800144650009, MSE: 107.6386371250526, Max Error: 24.24472483144784
2024-06-26 12:40:17,865 - INFO - Processing step: 10
2024-06-26 12:40:17,866 - INFO - Updated state x: [-8.82181000e-02 -2.86390438e-01 -1.51186579e+01 -4.08279593e-02
 -2.95087956e-02 -1.76045003e+01 -4.18641081e-03  3.33700685e-03
 -1.58729700e+01]
2024-06-26 12:40:17,866 - INFO - Measured Positions: [-0.06718499 -0.34194287  0.03764967]
2024-06-26 12:40:17,866 - INFO - Filtered Positions: [ -0.0882181   -0.28639044 -15.11865789]
2024-06-26 12:40:17,866 - INFO - Step 10: RMSE: 10.23663497641656, MAE: 5.3974344013186375, MSE: 104.78869564039488, Max Error: 24.24472483144784
2024-06-26 12:40:18,931 - INFO - Processing step: 11
2024-06-26 12:40:18,931 - INFO - Updated state x: [-8.37506101e-02 -2.79305102e-01 -1.44294305e+01 -2.13381175e-02
  7.11985026e-02 -1.65960647e+01  4.70825956e-04  7.09441824e-03
 -1.56128603e+01]
2024-06-26 12:40:18,931 - INFO - Measured Positions: [-0.11390962 -0.2935706  -0.0452625 ]
2024-06-26 12:40:18,931 - INFO - Filtered Positions: [ -0.08375061  -0.2793051  -14.42943053]
2024-06-26 12:40:18,931 - INFO - Step 11: RMSE: 10.091962198381227, MAE: 5.350086651849142, MSE: 101.84770101355565, Max Error: 24.24472483144784
2024-06-26 12:40:20,014 - INFO - Processing step: 12
2024-06-26 12:40:20,014 - INFO - Updated state x: [-5.52615325e-02 -2.22704064e-01 -1.38984266e+01  5.24471275e-03
  7.08267267e-02 -1.59327974e+01  5.63277280e-03  5.58328814e-03
 -1.54698357e+01]
2024-06-26 12:40:20,014 - INFO - Measured Positions: [ 0.00953272 -0.28750176  0.06990684]
2024-06-26 12:40:20,014 - INFO - Filtered Positions: [ -0.05526153  -0.22270406 -13.89842664]
2024-06-26 12:40:20,014 - INFO - Step 12: RMSE: 9.948527493555721, MAE: 5.2961550898466765, MSE: 98.97319929003407, Max Error: 24.24472483144784
2024-06-26 12:40:21,095 - INFO - Processing step: 13
2024-06-26 12:40:21,096 - INFO - Updated state x: [-3.63205472e-02 -2.01458497e-01 -1.33363961e+01 -2.45426963e-02
  1.04016417e-02 -1.52725141e+01  7.05396922e-03  4.48957511e-04
 -1.48616406e+01]
2024-06-26 12:40:21,096 - INFO - Measured Positions: [-0.02287978 -0.26025949 -0.00676968]
2024-06-26 12:40:21,096 - INFO - Filtered Positions: [ -0.03632055  -0.2014585  -13.33639608]
2024-06-26 12:40:21,099 - INFO - Step 13: RMSE: 9.805336943759531, MAE: 5.2365331948959355, MSE: 96.14463258065551, Max Error: 24.24472483144784
2024-06-26 12:40:22,143 - INFO - Processing step: 14
2024-06-26 12:40:22,143 - INFO - Updated state x: [-5.24526698e-02 -2.16221272e-01 -1.29699673e+01 -4.25546200e-02
 -1.16648825e-02 -1.45452508e+01  7.92045549e-03 -2.16449349e-03
 -1.42546677e+01]
2024-06-26 12:40:22,143 - INFO - Measured Positions: [-0.0723246  -0.18905187 -0.0210208 ]
2024-06-26 12:40:22,143 - INFO - Filtered Positions: [ -0.05245267  -0.21622127 -12.96996725]
2024-06-26 12:40:22,143 - INFO - Step 14: RMSE: 9.668444804627963, MAE: 5.176319439792805, MSE: 93.47882494013746, Max Error: 24.24472483144784
2024-06-26 12:40:23,229 - INFO - Processing step: 15
2024-06-26 12:40:23,229 - INFO - Updated state x: [-6.52301634e-02 -2.55623565e-01 -1.24727419e+01  3.62709584e-02
 -6.73216649e-02 -1.34269329e+01  1.10218563e-02 -5.06706829e-03
 -1.42157383e+01]
2024-06-26 12:40:23,229 - INFO - Measured Positions: [-0.07486716 -0.21952819  0.01513197]
2024-06-26 12:40:23,229 - INFO - Filtered Positions: [ -0.06523016  -0.25562356 -12.47274191]
2024-06-26 12:40:23,229 - INFO - Step 15: RMSE: 9.533230911369888, MAE: 5.113575143868374, MSE: 90.88249160949833, Max Error: 24.24472483144784
2024-06-26 12:40:24,447 - INFO - Processing step: 16
2024-06-26 12:40:24,449 - INFO - Updated state x: [-4.02547050e-02 -3.16967627e-01 -1.18755644e+01  4.14531036e-02
 -6.91056494e-02 -1.28215432e+01  9.84672818e-03 -4.46383036e-03
 -1.42981038e+01]
2024-06-26 12:40:24,450 - INFO - Measured Positions: [-0.06093693 -0.32517384  0.03959077]
2024-06-26 12:40:24,450 - INFO - Filtered Positions: [ -0.04025471  -0.31696763 -11.87556438]
2024-06-26 12:40:24,452 - INFO - Step 16: RMSE: 9.397141467349837, MAE: 5.046026291268561, MSE: 88.30626775738585, Max Error: 24.24472483144784
2024-06-26 12:40:25,494 - INFO - Processing step: 17
2024-06-26 12:40:25,494 - INFO - Updated state x: [-2.87909413e-02 -3.66288878e-01 -1.14535897e+01  3.58132315e-02
 -6.30734392e-02 -1.27458573e+01  6.72822945e-03 -2.41072787e-03
 -1.44896799e+01]
2024-06-26 12:40:25,494 - INFO - Measured Positions: [-0.06531534 -0.4979497   0.04158347]
2024-06-26 12:40:25,494 - INFO - Filtered Positions: [ -0.02879094  -0.36628888 -11.45358975]
2024-06-26 12:40:25,499 - INFO - Step 17: RMSE: 9.26465566922985, MAE: 4.978533043378029, MSE: 85.83384466939279, Max Error: 24.24472483144784
2024-06-26 12:40:26,579 - INFO - Processing step: 18
2024-06-26 12:40:26,579 - INFO - Updated state x: [-2.64991014e-02 -4.08131834e-01 -1.12265281e+01  2.51516220e-02
 -5.42332022e-02 -1.29582516e+01  3.24325302e-03 -1.88955371e-04
 -1.46788614e+01]
2024-06-26 12:40:26,579 - INFO - Measured Positions: [-0.04513024 -0.40088063 -0.00838043]
2024-06-26 12:40:26,579 - INFO - Filtered Positions: [ -0.0264991   -0.40813183 -11.22652812]
2024-06-26 12:40:26,579 - INFO - Step 18: RMSE: 9.139543420665746, MAE: 4.914214034184194, MSE: 83.53125393823453, Max Error: 24.24472483144784
2024-06-26 12:40:27,679 - INFO - Processing step: 19
2024-06-26 12:40:27,679 - INFO - Updated state x: [-2.96530672e-02 -4.20587150e-01 -1.12841325e+01  1.37316223e-02
  6.63404851e-03 -1.34679289e+01  2.98857278e-04  4.15537574e-03
 -1.49234303e+01]
2024-06-26 12:40:27,679 - INFO - Measured Positions: [-0.12574372 -0.48157985  0.02682491]
2024-06-26 12:40:27,679 - INFO - Filtered Positions: [ -0.02965307  -0.42058715 -11.28413251]
2024-06-26 12:40:27,679 - INFO - Step 19: RMSE: 9.026658229108635, MAE: 4.857442020407863, MSE: 81.48055878513463, Max Error: 24.24472483144784
2024-06-26 12:40:28,793 - INFO - Processing step: 20
2024-06-26 12:40:28,793 - INFO - Updated state x: [-4.18891855e-02 -4.02313068e-01 -1.14305962e+01 -2.74812417e-02
  2.12642763e-02 -1.39218765e+01 -2.40226243e-03  5.37797822e-03
 -1.46546424e+01]
2024-06-26 12:40:28,793 - INFO - Measured Positions: [-0.08553241 -0.44987534  0.00484708]
2024-06-26 12:40:28,793 - INFO - Filtered Positions: [ -0.04188919  -0.40231307 -11.43059616]
2024-06-26 12:40:28,793 - INFO - Step 20: RMSE: 8.92625401081551, MAE: 4.808089361574674, MSE: 79.6780106656, Max Error: 24.24472483144784
2024-06-26 12:40:29,911 - INFO - Processing step: 21
2024-06-26 12:40:29,911 - INFO - Updated state x: [-6.35905884e-02 -3.89697057e-01 -1.17255998e+01 -1.90576472e-02
  8.61932075e-03 -1.40227656e+01 -1.83424095e-03  4.52652448e-03
 -1.44625559e+01]
2024-06-26 12:40:29,911 - INFO - Measured Positions: [-0.09414453 -0.44655861 -0.03150495]
2024-06-26 12:40:29,911 - INFO - Filtered Positions: [ -0.06359059  -0.38969706 -11.72559983]
2024-06-26 12:40:29,911 - INFO - Step 21: RMSE: 8.83984818966652, MAE: 4.7674802185462495, MSE: 78.14291601635047, Max Error: 24.24472483144784
2024-06-26 12:40:31,009 - INFO - Processing step: 22
2024-06-26 12:40:31,014 - INFO - Updated state x: [-4.90969253e-02 -4.06140215e-01 -1.19483986e+01  1.33556610e-02
 -3.94290105e-02 -1.39232378e+01  1.65628597e-03  1.91134958e-03
 -1.46635576e+01]
2024-06-26 12:40:31,014 - INFO - Measured Positions: [-0.08461742 -0.35923636  0.05970416]
2024-06-26 12:40:31,014 - INFO - Filtered Positions: [ -0.04909693  -0.40614021 -11.94839856]
2024-06-26 12:40:31,014 - INFO - Step 22: RMSE: 8.764577682168442, MAE: 4.734019374141093, MSE: 76.81782194676514, Max Error: 24.24472483144784
2024-06-26 12:40:32,099 - INFO - Processing step: 23
2024-06-26 12:40:32,099 - INFO - Updated state x: [-1.18918811e-02 -4.46908288e-01 -1.18378447e+01  2.75630035e-02
 -3.80617222e-02 -1.37228495e+01  4.13684416e-03  1.76947756e-03
 -1.47170607e+01]
2024-06-26 12:40:32,099 - INFO - Measured Positions: [-0.0157561  -0.41300246 -0.01612264]
2024-06-26 12:40:32,099 - INFO - Filtered Positions: [ -0.01189188  -0.44690829 -11.83784474]
2024-06-26 12:40:32,099 - INFO - Step 23: RMSE: 8.692904775841972, MAE: 4.701530109489346, MSE: 75.56659344185618, Max Error: 24.24472483144784
2024-06-26 12:40:33,174 - INFO - Processing step: 24
2024-06-26 12:40:33,174 - INFO - Updated state x: [ 2.70133947e-02 -4.78208234e-01 -1.16269428e+01  3.76932058e-02
 -3.26026899e-02 -1.35226254e+01  5.31622843e-03  2.47882860e-03
 -1.47092320e+01]
2024-06-26 12:40:33,174 - INFO - Measured Positions: [ 0.01217957 -0.48972274 -0.09312662]
2024-06-26 12:40:33,174 - INFO - Filtered Positions: [  0.02701339  -0.47820823 -11.62694277]
2024-06-26 12:40:33,174 - INFO - Step 24: RMSE: 8.622611147840441, MAE: 4.668770714161047, MSE: 74.34942300686224, Max Error: 24.24472483144784
2024-06-26 12:40:34,260 - INFO - Processing step: 25
2024-06-26 12:40:34,260 - INFO - Updated state x: [ 4.69973477e-02 -4.87772938e-01 -1.16842523e+01  4.71659576e-02
  1.39093852e-02 -1.38032226e+01  3.47626822e-03  4.87948336e-03
 -1.53329721e+01]
2024-06-26 12:40:34,260 - INFO - Measured Positions: [ 0.06837475 -0.52367851 -0.06101914]
2024-06-26 12:40:34,260 - INFO - Filtered Positions: [  0.04699735  -0.48777294 -11.68425226]
2024-06-26 12:40:34,260 - INFO - Step 25: RMSE: 8.558213955673796, MAE: 4.639441955311195, MSE: 73.24302611108972, Max Error: 24.24472483144784
2024-06-26 12:40:35,363 - INFO - Processing step: 26
2024-06-26 12:40:35,363 - INFO - Updated state x: [ 7.05395064e-02 -4.73822037e-01 -1.16868810e+01  6.64486989e-02
  9.66725667e-03 -1.43886024e+01  1.02857713e-03  4.91999506e-03
 -1.59740413e+01]
2024-06-26 12:40:35,363 - INFO - Measured Positions: [ 0.0584649  -0.45925309  0.03772748]
2024-06-26 12:40:35,363 - INFO - Filtered Positions: [  0.07053951  -0.47382204 -11.68688095]
2024-06-26 12:40:35,363 - INFO - Step 26: RMSE: 8.498196416983932, MAE: 4.612190337103713, MSE: 72.21934234163855, Max Error: 24.24472483144784
2024-06-26 12:40:36,449 - INFO - Processing step: 27
2024-06-26 12:40:36,449 - INFO - Updated state x: [ 8.67006088e-02 -4.70167225e-01 -1.19206749e+01 -1.41496798e-02
  1.09699927e-02 -1.54413504e+01 -4.20122695e-03  4.29427396e-03
 -1.60185604e+01]
2024-06-26 12:40:36,449 - INFO - Measured Positions: [ 0.09757924 -0.6165411   0.08589721]
2024-06-26 12:40:36,449 - INFO - Filtered Positions: [  0.08670061  -0.47016723 -11.92067495]
2024-06-26 12:40:36,449 - INFO - Step 27: RMSE: 8.445978198397757, MAE: 4.589903996534713, MSE: 71.33454772781022, Max Error: 24.24472483144784
2024-06-26 12:40:37,535 - INFO - Final Metrics - RMSE: 8.594600163840076, MAE: 4.494533063716845, MSE: 79.4984482538499, Max Error: 24.24472483144784
2024-06-26 12:40:37,535 - INFO - Simulation ended
