2024-06-26 12:25:23,258 - INFO - Step 0: True state: [1.06127457 0.         0.17663383], EKF state: [1.06400053 0.09025931 0.1451071 ], GPS data: [1.06975482 0.09431895]
2024-06-26 12:25:24,319 - INFO - Step 1: True state: [2.01994669 0.17111723 0.25329903], EKF state: [2.00233548 0.28406721 0.29033969], GPS data: [1.95429106 0.28485114]
2024-06-26 12:25:25,404 - INFO - Step 2: True state: [3.0337416  0.43354719 0.32373844], EKF state: [2.99797062 0.36663944 0.27533021], GPS data: [2.98982521 0.30586115]
2024-06-26 12:25:26,485 - INFO - Step 3: True state: [3.94873687 0.74056797 0.43511281], EKF state: [3.97962717 0.64607308 0.3763331 ], GPS data: [4.03777793 0.66242493]
2024-06-26 12:25:27,567 - INFO - Step 4: True state: [4.79925355 1.13590838 0.51998852], EKF state: [4.88467677 1.07913971 0.4995687 ], GPS data: [4.85509829 1.12070334]
2024-06-26 12:25:28,668 - INFO - Step 5: True state: [5.7185087  1.66222478 0.64953179], EKF state: [5.72702007 1.66540816 0.63137274], GPS data: [5.71544054 1.77066691]
2024-06-26 12:25:29,786 - INFO - Step 6: True state: [6.49377258 2.25101124 0.84928002], EKF state: [6.51877743 2.26162035 0.73463427], GPS data: [6.46069087 2.24804242]
2024-06-26 12:25:30,858 - INFO - Step 7: True state: [7.12611351 2.96978124 0.91511742], EKF state: [7.24535173 2.94253526 0.83886601], GPS data: [7.19604786 2.93823106]
2024-06-26 12:25:31,942 - INFO - Step 8: True state: [7.71589928 3.73652927 1.0979736 ], EKF state: [7.83766499 3.74033323 0.95999199], GPS data: [7.61934416 3.73500331]
2024-06-26 12:25:33,064 - INFO - Step 9: True state: [8.13627963 4.55835176 1.20380382], EKF state: [8.35143826 4.59023297 1.07514112], GPS data: [8.17433455 4.55870044]
2024-06-26 12:25:34,164 - INFO - Step 10: True state: [8.49540346 5.49257929 1.29330478], EKF state: [8.76111899 5.48694638 1.19038816], GPS data: [8.55142236 5.39604909]
2024-06-26 12:25:35,254 - INFO - Step 11: True state: [8.75326492 6.39786329 1.38874688], EKF state: [9.00560658 6.45898732 1.32147329], GPS data: [8.6864896 6.3722901]
2024-06-26 12:25:36,338 - INFO - Step 12: True state: [8.93301223 7.37428577 1.43568228], EKF state: [9.13793024 7.44688067 1.44866179], GPS data: [8.85404289 7.30481353]
2024-06-26 12:25:37,440 - INFO - Step 13: True state: [9.07461125 8.41589701 1.51746275], EKF state: [9.16593736 8.48043911 1.5713122 ], GPS data: [9.01660475 8.57314237]
2024-06-26 12:25:38,544 - INFO - Step 14: True state: [9.13131415 9.47806327 1.62331783], EKF state: [9.19414619 9.45685225 1.66496906], GPS data: [9.2223589 9.3336416]
2024-06-26 12:25:39,630 - INFO - Step 15: True state: [ 9.07280613 10.59102096  1.70416057], EKF state: [ 9.09038605 10.45240065  1.76723496], GPS data: [ 9.07311486 10.44580102]
2024-06-26 12:25:40,733 - INFO - Step 16: True state: [ 8.94031911 11.5785467   1.70384086], EKF state: [ 9.00489169 11.46798734  1.84002153], GPS data: [ 9.19254012 11.72431051]
2024-06-26 12:25:41,830 - INFO - Step 17: True state: [ 8.7982413  12.64013501  1.86616776], EKF state: [ 8.7134979  12.45871216  1.94316572], GPS data: [ 8.65680053 12.66339426]
2024-06-26 12:25:42,934 - INFO - Step 18: True state: [ 8.49568523 13.63449556  1.99163599], EKF state: [ 8.45886135 13.45196656  2.01383677], GPS data: [ 8.60019279 13.77998068]
2024-06-26 12:25:44,019 - INFO - Step 19: True state: [ 8.05376152 14.62185797  2.10898221], EKF state: [ 8.03903783 14.37535713  2.10961082], GPS data: [ 8.02771187 14.50114532]
2024-06-26 12:25:45,099 - INFO - Step 20: True state: [ 7.52687983 15.50445662  2.16840464], EKF state: [ 7.52192613 15.28111094  2.20364213], GPS data: [ 7.42005395 15.60812462]
2024-06-26 12:25:46,187 - INFO - Step 21: True state: [ 6.98197681 16.30504118  2.2815629 ], EKF state: [ 7.00859498 16.12991289  2.2836232 ], GPS data: [ 7.13079016 16.2196468 ]
2024-06-26 12:25:47,289 - INFO - Step 22: True state: [ 6.33008194 17.06229906  2.41064488], EKF state: [ 6.35761857 16.90682982  2.37964647], GPS data: [ 6.31392401 17.0212379 ]
2024-06-26 12:25:48,393 - INFO - Step 23: True state: [ 5.61801149 17.70075979  2.51406833], EKF state: [ 5.63080214 17.5981464   2.47992697], GPS data: [ 5.61544401 17.61303406]
2024-06-26 12:25:49,494 - INFO - Step 24: True state: [ 4.83778599 18.26668059  2.6367457 ], EKF state: [ 4.84125254 18.2113729   2.58023731], GPS data: [ 4.84231315 18.20706568]
2024-06-26 12:25:50,580 - INFO - Step 25: True state: [ 3.93449836 18.76584885  2.78124715], EKF state: [ 3.96962273 18.71358295  2.68911577], GPS data: [ 3.93626836 18.65462594]
2024-06-26 12:25:51,649 - INFO - Step 26: True state: [ 3.10008408 19.08025395  2.96172432], EKF state: [ 3.06083987 19.14577884  2.79095114], GPS data: [ 3.02363423 19.15346655]
2024-06-26 12:25:52,754 - INFO - Step 27: True state: [ 2.1230056  19.25791955  3.06862016], EKF state: [ 2.08424196 19.36736645  2.92088405], GPS data: [ 2.17953865 19.06539734]
2024-06-26 12:25:53,840 - INFO - Step 28: True state: [ 1.13468973 19.33016772  3.14430208], EKF state: [ 1.06623151 19.44673008  3.05478293], GPS data: [ 1.10493402 19.15925309]
2024-06-26 12:25:54,946 - INFO - Step 29: True state: [ 0.24697499 19.32776251  3.25690869], EKF state: [ 0.08500132 19.42941945  3.17960557], GPS data: [ 0.36790167 19.16775602]
